POST: Array
(
    [nom] => Cheikhou Niang
    [email] => cheikhouniang395@gmail.com
    [message] => MMK
)
Insertion OK
POST: Array
(
    [nom] => Cheikhou Niang
    [email] => cheikhouniang395@gmail.com
    [message] => MMK
)
Insertion OK
POST: Array
(
    [nom] => Cheikhou Niang
    [email] => cheikhouniang395@gmail.com
    [message] => chj
)
Insertion OK
POST: Array
(
    [nom] => Cheikhou Niang
    [email] => cheikhouniang395@gmail.com
    [message] => chj
)
POST: Array
(
    [nom] => Cheikhou Niang
    [email] => cheikhouniang395@gmail.com
    [message] => mkln
)
POST: Array
(
    [nom] => Cheikhou Niang
    [email] => cheikhouniang395@gmail.com
    [message] => mkln
)
POST: Array
(
    [nom] => Cheikhou Niang
    [email] => cheikhouniang395@gmail.com
    [message] => mkln
)
POST: Array
(
    [nom] => Cheikhou Niang
    [email] => cheikhouniang395@gmail.com
    [message] => mkln
)
POST: Array
(
    [nom] => Cheikhou Niang
    [email] => cheikhouniang395@gmail.com
    [message] => mkln
)
POST: Array
(
    [nom] => Cheikhou Niang
    [email] => cheikhouniang395@gmail.com
    [message] => oioo
)
POST: Array
(
    [nom] => Cheikhou Niang
    [email] => cheikhouniang395@gmail.com
    [message] => mkl;
)
POST: Array
(
    [nom] => Cheikhou Niang
    [email] => cheikhouniang395@gmail.com
    [message] => mkl;
)
Insertion OK
POST: Array
(
    [nom] => Cheikhou Niang
    [email] => cheikhouniang395@gmail.com
    [message] => mnk
)
Insertion OK
POST: Array
(
    [nom] => Cheikhou Niang
    [email] => cheikhouniang395@gmail.com
    [message] => nmmn
)
Insertion OK
